Started at Sat Sep 24 14:45:14 UTC 2022
Processing first_job1
Offering first_job1 to Project Build Discarder
Processing geolocation
Offering geolocation to Project Build Discarder
Processing git-maven-project1
Offering git-maven-project1 to Project Build Discarder
Processing git-maven-project1/com.example.maven-project:maven-project
Offering git-maven-project1/com.example.maven-project:maven-project to Project Build Discarder
Processing git-maven-project1/com.example.maven-project:server
Offering git-maven-project1/com.example.maven-project:server to Project Build Discarder
Processing git-maven-project1/com.example.maven-project:webapp
Offering git-maven-project1/com.example.maven-project:webapp to Project Build Discarder
Processing geolocation/com.spring:bioMedical
Offering geolocation/com.spring:bioMedical to Project Build Discarder
Finished at Sat Sep 24 14:45:14 UTC 2022. 32ms
Started at Sat Sep 24 15:45:14 UTC 2022
Processing classdemo
Offering classdemo to Project Build Discarder
Processing classdemo2
Offering classdemo2 to Project Build Discarder
Processing first_job1
Offering first_job1 to Project Build Discarder
Processing geolocation
Offering geolocation to Project Build Discarder
Processing git-maven-project1
Offering git-maven-project1 to Project Build Discarder
Processing git-maven-project1/com.example.maven-project:maven-project
Offering git-maven-project1/com.example.maven-project:maven-project to Project Build Discarder
Processing git-maven-project1/com.example.maven-project:server
Offering git-maven-project1/com.example.maven-project:server to Project Build Discarder
Processing git-maven-project1/com.example.maven-project:webapp
Offering git-maven-project1/com.example.maven-project:webapp to Project Build Discarder
Processing geolocation/com.spring:bioMedical
Offering geolocation/com.spring:bioMedical to Project Build Discarder
Finished at Sat Sep 24 15:45:14 UTC 2022. 2ms
Started at Sat Sep 24 16:45:14 UTC 2022
Processing classdemo
Offering classdemo to Project Build Discarder
Processing classdemo2
Offering classdemo2 to Project Build Discarder
Processing first_job1
Offering first_job1 to Project Build Discarder
Processing geolocation
Offering geolocation to Project Build Discarder
Processing git-maven-project1
Offering git-maven-project1 to Project Build Discarder
Processing git-maven-project1/com.example.maven-project:maven-project
Offering git-maven-project1/com.example.maven-project:maven-project to Project Build Discarder
Processing git-maven-project1/com.example.maven-project:server
Offering git-maven-project1/com.example.maven-project:server to Project Build Discarder
Processing git-maven-project1/com.example.maven-project:webapp
Offering git-maven-project1/com.example.maven-project:webapp to Project Build Discarder
Processing geolocation/com.spring:bioMedical
Offering geolocation/com.spring:bioMedical to Project Build Discarder
Finished at Sat Sep 24 16:45:14 UTC 2022. 1ms
Started at Sat Sep 24 17:45:14 UTC 2022
Processing classdemo
Offering classdemo to Project Build Discarder
Processing classdemo2
Offering classdemo2 to Project Build Discarder
Processing first_job1
Offering first_job1 to Project Build Discarder
Processing geolocation
Offering geolocation to Project Build Discarder
Processing git-maven-project1
Offering git-maven-project1 to Project Build Discarder
Processing git-maven-project1/com.example.maven-project:maven-project
Offering git-maven-project1/com.example.maven-project:maven-project to Project Build Discarder
Processing git-maven-project1/com.example.maven-project:server
Offering git-maven-project1/com.example.maven-project:server to Project Build Discarder
Processing git-maven-project1/com.example.maven-project:webapp
Offering git-maven-project1/com.example.maven-project:webapp to Project Build Discarder
Processing geolocation/com.spring:bioMedical
Offering geolocation/com.spring:bioMedical to Project Build Discarder
Finished at Sat Sep 24 17:45:14 UTC 2022. 6ms
